---------------------------------------
Begin Slurm Prolog: Apr-30-2025 21:31:52
Job ID:    2549813
User ID:   kshibata6
Account:   coc
Job name:  cx4803-final-project-study_weak2
Partition: coc-cpu
QOS:       coc-ice
---------------------------------------
+ make clean test_solver_color_perf
rm -f *.o solver test_graph test_solver test_solver_color test_graph.dot test_graph.svg
/usr/local/pace-apps/spack/packages/linux-rhel9-x86_64_v3/gcc-11.3.1/gcc-12.3.0-ukkkutsxfl5kpnnaxflpkq2jtliwthfz/bin/gcc -c src/graph.c -g -ggdb -Wall -Wextra -Wpedantic -std=gnu11 -fopenmp
/usr/local/pace-apps/spack/packages/linux-rhel9-x86_64_v3/gcc-11.3.1/gcc-12.3.0-ukkkutsxfl5kpnnaxflpkq2jtliwthfz/bin/gcc -c src/solver.c graph.o -g -ggdb -Wall -Wextra -Wpedantic -std=gnu11 -fopenmp
src/solver.c: In function 'traverse':
src/solver.c:181:14: warning: unused variable 'ok' [-Wunused-variable]
  181 |         bool ok = matrix_query(g, v, w);
      |              ^~
src/solver.c: In function 'detect_subgraph':
src/solver.c:308:3: warning: implicit declaration of function 'qsort_r'; did you mean 'qsort'? [-Wimplicit-function-declaration]
  308 |   qsort_r(sorted_indices, g->n_vertices, sizeof(size_t), qsort_compar2, effective_reaches);
      |   ^~~~~~~
      |   qsort
src/solver.c:347:12: warning: unused variable 'traversed' [-Wunused-variable]
  347 |     size_t traversed = traverse(g, u, new_subgraph.vertices);
      |            ^~~~~~~~~
gcc: warning: graph.o: linker input file unused because linking not done
/usr/local/pace-apps/spack/packages/linux-rhel9-x86_64_v3/gcc-11.3.1/gcc-12.3.0-ukkkutsxfl5kpnnaxflpkq2jtliwthfz/bin/gcc -c src/util.c -g -ggdb -Wall -Wextra -Wpedantic -std=gnu11 -fopenmp
/usr/local/pace-apps/spack/packages/linux-rhel9-x86_64_v3/gcc-11.3.1/gcc-12.3.0-ukkkutsxfl5kpnnaxflpkq2jtliwthfz/bin/gcc -o test_solver_color_perf src/test_solver_color.c graph.o solver.o util.o -g -ggdb -Wall -Wextra -Wpedantic -std=gnu11 -fopenmp
src/test_solver_color.c: In function 'main':
src/test_solver_color.c:80:32: warning: format '%x' expects argument of type 'unsigned int', but argument 2 has type 'long unsigned int' [-Wformat=]
   80 |   printf("allocate coloring - %x bytes\n", sizeof(struct coloring));
      |                               ~^           ~~~~~~~~~~~~~~~~~~~~~~~
      |                                |           |
      |                                |           long unsigned int
      |                                unsigned int
      |                               %lx
src/test_solver_color.c:87:39: warning: format '%x' expects argument of type 'unsigned int', but argument 2 has type 'long unsigned int' [-Wformat=]
   87 |   printf("allocate coloring.colors - %x bytes\n", m->n_vertices * sizeof(number_t));
      |                                      ~^           ~~~~~~~~~~~~~~~~~~~~~~~~~~~~~~~~
      |                                       |                         |
      |                                       unsigned int              long unsigned int
      |                                      %lx
src/test_solver_color.c:97:30: warning: format '%x' expects argument of type 'unsigned int', but argument 2 has type 'long unsigned int' [-Wformat=]
   97 |   printf("allocate degree - %x bytes\n", m->n_vertices * sizeof(size_t));
      |                             ~^           ~~~~~~~~~~~~~~~~~~~~~~~~~~~~~~
      |                              |                         |
      |                              unsigned int              long unsigned int
      |                             %lx
+ run 1 100 50
+ n_threads=1
+ n=100
+ nnz=50
+ echo n_threads=1
n_threads=1
+ echo n=100
n=100
+ echo nnz=50
nnz=50
+ export OMP_NUM_THREADS=1
+ OMP_NUM_THREADS=1
+ export OMP_PROC_BIND=true
+ OMP_PROC_BIND=true
+ export OMP_PLACES=cores
+ OMP_PLACES=cores
+ export OMP_THREAD_LIMIT=1
+ OMP_THREAD_LIMIT=1
+ export OMP_DYNAMIC=false
+ OMP_DYNAMIC=false
+ test_solver_color_perf
/var/lib/slurm/slurmd/job2549813/slurm_script: line 28: test_solver_color_perf: command not found
---------------------------------------
Begin Slurm Epilog: Apr-30-2025 21:31:54
Job ID:        2549813
User ID:       kshibata6
Account:       coc
Job name:      cx4803-final-project-study_weak2
Resources:     cpu=32,mem=100G,node=1
Rsrc Used:     cput=00:01:36,vmem=0,walltime=00:00:03,mem=10336K,energy_used=0
Partition:     coc-cpu
QOS:           coc-ice
Nodes:         atl1-1-01-005-4-1
---------------------------------------
