---------------------------------------
Begin Slurm Prolog: Apr-30-2025 22:07:33
Job ID:    2549836
User ID:   kshibata6
Account:   coc
Job name:  cx4803-final-project-study_strong
Partition: coc-cpu
QOS:       coc-ice
---------------------------------------
+ make clean test_solver_color_perf
rm -f *.o solver test_graph test_solver test_solver_color test_graph.dot test_graph.svg
/usr/local/pace-apps/spack/packages/linux-rhel9-x86_64_v3/gcc-11.3.1/gcc-12.3.0-ukkkutsxfl5kpnnaxflpkq2jtliwthfz/bin/gcc -c src/graph.c -g -ggdb -Wall -Wextra -Wpedantic -std=gnu11 -fopenmp
/usr/local/pace-apps/spack/packages/linux-rhel9-x86_64_v3/gcc-11.3.1/gcc-12.3.0-ukkkutsxfl5kpnnaxflpkq2jtliwthfz/bin/gcc -c src/solver.c graph.o -g -ggdb -Wall -Wextra -Wpedantic -std=gnu11 -fopenmp
src/solver.c: In function 'traverse':
src/solver.c:181:14: warning: unused variable 'ok' [-Wunused-variable]
  181 |         bool ok = matrix_query(g, v, w);
      |              ^~
src/solver.c: In function 'detect_subgraph':
src/solver.c:308:3: warning: implicit declaration of function 'qsort_r'; did you mean 'qsort'? [-Wimplicit-function-declaration]
  308 |   qsort_r(sorted_indices, g->n_vertices, sizeof(size_t), qsort_compar2, effective_reaches);
      |   ^~~~~~~
      |   qsort
src/solver.c:347:12: warning: unused variable 'traversed' [-Wunused-variable]
  347 |     size_t traversed = traverse(g, u, new_subgraph.vertices);
      |            ^~~~~~~~~
gcc: warning: graph.o: linker input file unused because linking not done
/usr/local/pace-apps/spack/packages/linux-rhel9-x86_64_v3/gcc-11.3.1/gcc-12.3.0-ukkkutsxfl5kpnnaxflpkq2jtliwthfz/bin/gcc -c src/util.c -g -ggdb -Wall -Wextra -Wpedantic -std=gnu11 -fopenmp
/usr/local/pace-apps/spack/packages/linux-rhel9-x86_64_v3/gcc-11.3.1/gcc-12.3.0-ukkkutsxfl5kpnnaxflpkq2jtliwthfz/bin/gcc -o test_solver_color_perf src/test_solver_color.c graph.o solver.o util.o -g -ggdb -Wall -Wextra -Wpedantic -std=gnu11 -fopenmp
src/test_solver_color.c: In function 'main':
src/test_solver_color.c:80:32: warning: format '%x' expects argument of type 'unsigned int', but argument 2 has type 'long unsigned int' [-Wformat=]
   80 |   printf("allocate coloring - %x bytes\n", sizeof(struct coloring));
      |                               ~^           ~~~~~~~~~~~~~~~~~~~~~~~
      |                                |           |
      |                                |           long unsigned int
      |                                unsigned int
      |                               %lx
src/test_solver_color.c:87:39: warning: format '%x' expects argument of type 'unsigned int', but argument 2 has type 'long unsigned int' [-Wformat=]
   87 |   printf("allocate coloring.colors - %x bytes\n", m->n_vertices * sizeof(number_t));
      |                                      ~^           ~~~~~~~~~~~~~~~~~~~~~~~~~~~~~~~~
      |                                       |                         |
      |                                       unsigned int              long unsigned int
      |                                      %lx
src/test_solver_color.c:97:30: warning: format '%x' expects argument of type 'unsigned int', but argument 2 has type 'long unsigned int' [-Wformat=]
   97 |   printf("allocate degree - %x bytes\n", m->n_vertices * sizeof(size_t));
      |                             ~^           ~~~~~~~~~~~~~~~~~~~~~~~~~~~~~~
      |                              |                         |
      |                              unsigned int              long unsigned int
      |                             %lx
+ run 1 10000 10000
+ n_threads=1
+ n=10000
+ nnz=10000
+ echo n_threads=1
n_threads=1
+ echo n=10000
n=10000
+ echo nnz=10000
nnz=10000
+ export OMP_NUM_THREADS=1
+ OMP_NUM_THREADS=1
+ export OMP_PROC_BIND=true
+ OMP_PROC_BIND=true
+ export OMP_PLACES=cores
+ OMP_PLACES=cores
+ export OMP_THREAD_LIMIT=1
+ OMP_THREAD_LIMIT=1
+ export OMP_DYNAMIC=false
+ OMP_DYNAMIC=false
+ ./test_solver_color_perf -n 10000 -nnz 10000 -f slurm-graph-2549836-omp-1.dot
matrix_create_random(10000, 10000)
allocate matrix - 2faf0800 bytes
opening file slurm-graph-2549836-omp-1.dot
allocate coloring - 10 bytes
allocate coloring.colors - 13880 bytes
allocate degree - 13880 bytes
max degree: 11
  coloring vertex from vertex 0 with color 1
  coloring vertex from vertex 3378 with color 2
  coloring vertex from vertex 4447 with color 3
  coloring vertex from vertex 4098 with color 4
  coloring vertex from vertex 4486 with color 5
  coloring vertex from vertex 5325 with color 6
  coloring vertex from vertex 6463 with color 7
  coloring vertex from vertex 4158 with color 8
  coloring vertex from vertex 5725 with color 9
  coloring vertex from vertex 8783 with color 10
  coloring vertex from vertex 427 with color 11
=== timing report ===
matrix_create_random:   0.303232 s
matrix_degree:          0.001015 s
color_cliquelike:       0.077331 s
matrix_as_dot_color:    0.002435 s
matrix_verify_coloring: 0.000139 s
=== end timing report ===
number of OMP threads:  1
+ run 2 10000 10000
+ n_threads=2
+ n=10000
+ nnz=10000
+ echo n_threads=2
n_threads=2
+ echo n=10000
n=10000
+ echo nnz=10000
nnz=10000
+ export OMP_NUM_THREADS=2
+ OMP_NUM_THREADS=2
+ export OMP_PROC_BIND=true
+ OMP_PROC_BIND=true
+ export OMP_PLACES=cores
+ OMP_PLACES=cores
+ export OMP_THREAD_LIMIT=2
+ OMP_THREAD_LIMIT=2
+ export OMP_DYNAMIC=false
+ OMP_DYNAMIC=false
+ ./test_solver_color_perf -n 10000 -nnz 10000 -f slurm-graph-2549836-omp-2.dot
matrix_create_random(10000, 10000)
allocate matrix - 2faf0800 bytes
opening file slurm-graph-2549836-omp-2.dot
allocate coloring - 10 bytes
allocate coloring.colors - 13880 bytes
allocate degree - 13880 bytes
max degree: 11
  coloring vertex from vertex 0 with color 1
  coloring vertex from vertex 3378 with color 2
  coloring vertex from vertex 4447 with color 3
  coloring vertex from vertex 4098 with color 4
  coloring vertex from vertex 4486 with color 5
  coloring vertex from vertex 5325 with color 6
  coloring vertex from vertex 6463 with color 7
  coloring vertex from vertex 4158 with color 8
  coloring vertex from vertex 5725 with color 9
  coloring vertex from vertex 8783 with color 10
  coloring vertex from vertex 427 with color 11
=== timing report ===
matrix_create_random:   0.296846 s
matrix_degree:          0.000963 s
color_cliquelike:       0.040941 s
matrix_as_dot_color:    0.002407 s
matrix_verify_coloring: 0.000138 s
=== end timing report ===
number of OMP threads:  2
+ run 4 10000 10000
+ n_threads=4
+ n=10000
+ nnz=10000
+ echo n_threads=4
n_threads=4
+ echo n=10000
n=10000
+ echo nnz=10000
nnz=10000
+ export OMP_NUM_THREADS=4
+ OMP_NUM_THREADS=4
+ export OMP_PROC_BIND=true
+ OMP_PROC_BIND=true
+ export OMP_PLACES=cores
+ OMP_PLACES=cores
+ export OMP_THREAD_LIMIT=4
+ OMP_THREAD_LIMIT=4
+ export OMP_DYNAMIC=false
+ OMP_DYNAMIC=false
+ ./test_solver_color_perf -n 10000 -nnz 10000 -f slurm-graph-2549836-omp-4.dot
matrix_create_random(10000, 10000)
allocate matrix - 2faf0800 bytes
opening file slurm-graph-2549836-omp-4.dot
allocate coloring - 10 bytes
allocate coloring.colors - 13880 bytes
allocate degree - 13880 bytes
max degree: 11
  coloring vertex from vertex 0 with color 1
  coloring vertex from vertex 3378 with color 2
  coloring vertex from vertex 4447 with color 3
  coloring vertex from vertex 4098 with color 4
  coloring vertex from vertex 4486 with color 5
  coloring vertex from vertex 5325 with color 6
  coloring vertex from vertex 6463 with color 7
  coloring vertex from vertex 4158 with color 8
  coloring vertex from vertex 5725 with color 9
  coloring vertex from vertex 8783 with color 10
  coloring vertex from vertex 427 with color 11
=== timing report ===
matrix_create_random:   0.291957 s
matrix_degree:          0.001164 s
color_cliquelike:       0.019424 s
matrix_as_dot_color:    0.002407 s
matrix_verify_coloring: 0.000138 s
=== end timing report ===
number of OMP threads:  4
+ run 8 10000 10000
+ n_threads=8
+ n=10000
+ nnz=10000
+ echo n_threads=8
n_threads=8
+ echo n=10000
n=10000
+ echo nnz=10000
nnz=10000
+ export OMP_NUM_THREADS=8
+ OMP_NUM_THREADS=8
+ export OMP_PROC_BIND=true
+ OMP_PROC_BIND=true
+ export OMP_PLACES=cores
+ OMP_PLACES=cores
+ export OMP_THREAD_LIMIT=8
+ OMP_THREAD_LIMIT=8
+ export OMP_DYNAMIC=false
+ OMP_DYNAMIC=false
+ ./test_solver_color_perf -n 10000 -nnz 10000 -f slurm-graph-2549836-omp-8.dot
matrix_create_random(10000, 10000)
allocate matrix - 2faf0800 bytes
opening file slurm-graph-2549836-omp-8.dot
allocate coloring - 10 bytes
allocate coloring.colors - 13880 bytes
allocate degree - 13880 bytes
max degree: 11
  coloring vertex from vertex 0 with color 1
  coloring vertex from vertex 3378 with color 2
  coloring vertex from vertex 4447 with color 3
  coloring vertex from vertex 4098 with color 4
  coloring vertex from vertex 4486 with color 5
  coloring vertex from vertex 5325 with color 6
  coloring vertex from vertex 6463 with color 7
  coloring vertex from vertex 4158 with color 8
  coloring vertex from vertex 5725 with color 9
  coloring vertex from vertex 8783 with color 10
  coloring vertex from vertex 427 with color 11
=== timing report ===
matrix_create_random:   0.294819 s
matrix_degree:          0.001061 s
color_cliquelike:       0.025301 s
matrix_as_dot_color:    0.002427 s
matrix_verify_coloring: 0.000139 s
=== end timing report ===
number of OMP threads:  8
+ run 16 10000 10000
+ n_threads=16
+ n=10000
+ nnz=10000
+ echo n_threads=16
n_threads=16
+ echo n=10000
n=10000
+ echo nnz=10000
nnz=10000
+ export OMP_NUM_THREADS=16
+ OMP_NUM_THREADS=16
+ export OMP_PROC_BIND=true
+ OMP_PROC_BIND=true
+ export OMP_PLACES=cores
+ OMP_PLACES=cores
+ export OMP_THREAD_LIMIT=16
+ OMP_THREAD_LIMIT=16
+ export OMP_DYNAMIC=false
+ OMP_DYNAMIC=false
+ ./test_solver_color_perf -n 10000 -nnz 10000 -f slurm-graph-2549836-omp-16.dot
matrix_create_random(10000, 10000)
allocate matrix - 2faf0800 bytes
opening file slurm-graph-2549836-omp-16.dot
allocate coloring - 10 bytes
allocate coloring.colors - 13880 bytes
allocate degree - 13880 bytes
max degree: 11
  coloring vertex from vertex 0 with color 1
  coloring vertex from vertex 3378 with color 2
  coloring vertex from vertex 4447 with color 3
  coloring vertex from vertex 4098 with color 4
  coloring vertex from vertex 4486 with color 5
  coloring vertex from vertex 5325 with color 6
  coloring vertex from vertex 6463 with color 7
  coloring vertex from vertex 4158 with color 8
  coloring vertex from vertex 5725 with color 9
  coloring vertex from vertex 8783 with color 10
  coloring vertex from vertex 427 with color 11
=== timing report ===
matrix_create_random:   0.293011 s
matrix_degree:          0.001274 s
color_cliquelike:       0.035120 s
matrix_as_dot_color:    0.002473 s
matrix_verify_coloring: 0.000153 s
=== end timing report ===
number of OMP threads:  16
+ run 32 10000 10000
+ n_threads=32
+ n=10000
+ nnz=10000
+ echo n_threads=32
n_threads=32
+ echo n=10000
n=10000
+ echo nnz=10000
nnz=10000
+ export OMP_NUM_THREADS=32
+ OMP_NUM_THREADS=32
+ export OMP_PROC_BIND=true
+ OMP_PROC_BIND=true
+ export OMP_PLACES=cores
+ OMP_PLACES=cores
+ export OMP_THREAD_LIMIT=32
+ OMP_THREAD_LIMIT=32
+ export OMP_DYNAMIC=false
+ OMP_DYNAMIC=false
+ ./test_solver_color_perf -n 10000 -nnz 10000 -f slurm-graph-2549836-omp-32.dot
matrix_create_random(10000, 10000)
allocate matrix - 2faf0800 bytes
opening file slurm-graph-2549836-omp-32.dot
allocate coloring - 10 bytes
allocate coloring.colors - 13880 bytes
allocate degree - 13880 bytes
max degree: 11
  coloring vertex from vertex 0 with color 1
  coloring vertex from vertex 3378 with color 2
  coloring vertex from vertex 4447 with color 3
  coloring vertex from vertex 4098 with color 4
  coloring vertex from vertex 4486 with color 5
  coloring vertex from vertex 5325 with color 6
  coloring vertex from vertex 6463 with color 7
  coloring vertex from vertex 4158 with color 8
  coloring vertex from vertex 5725 with color 9
  coloring vertex from vertex 8783 with color 10
  coloring vertex from vertex 427 with color 11
=== timing report ===
matrix_create_random:   0.294129 s
matrix_degree:          0.000944 s
color_cliquelike:       0.051279 s
matrix_as_dot_color:    0.002456 s
matrix_verify_coloring: 0.000149 s
=== end timing report ===
number of OMP threads:  32
---------------------------------------
Begin Slurm Epilog: Apr-30-2025 22:07:36
Job ID:        2549836
User ID:       kshibata6
Account:       coc
Job name:      cx4803-final-project-study_strong
Resources:     cpu=32,mem=100G,node=1
Rsrc Used:     cput=00:01:04,vmem=0,walltime=00:00:02,mem=83036K,energy_used=0
Partition:     coc-cpu
QOS:           coc-ice
Nodes:         atl1-1-01-005-4-1
---------------------------------------
