---------------------------------------
Begin Slurm Prolog: Apr-30-2025 22:45:08
Job ID:    2549916
User ID:   kshibata6
Account:   coc
Job name:  cx4803-final-project-study_weak
Partition: coc-cpu
QOS:       coc-ice
---------------------------------------
+ make clean test_solver_distributed
rm -f *.o solver test_graph test_solver test_solver_color test_graph.dot test_graph.svg
/usr/local/pace-apps/spack/packages/linux-rhel9-x86_64_v3/gcc-11.3.1/gcc-12.3.0-ukkkutsxfl5kpnnaxflpkq2jtliwthfz/bin/gcc -c src/graph.c -g -ggdb -Wall -Wextra -Wpedantic -std=gnu11 -fopenmp
/usr/local/pace-apps/spack/packages/linux-rhel9-x86_64_v3/gcc-11.3.1/gcc-12.3.0-ukkkutsxfl5kpnnaxflpkq2jtliwthfz/bin/gcc -c src/solver.c graph.o -g -ggdb -Wall -Wextra -Wpedantic -std=gnu11 -fopenmp
src/solver.c: In function 'traverse':
src/solver.c:181:14: warning: unused variable 'ok' [-Wunused-variable]
  181 |         bool ok = matrix_query(g, v, w);
      |              ^~
src/solver.c: In function 'detect_subgraph':
src/solver.c:308:3: warning: implicit declaration of function 'qsort_r'; did you mean 'qsort'? [-Wimplicit-function-declaration]
  308 |   qsort_r(sorted_indices, g->n_vertices, sizeof(size_t), qsort_compar2, effective_reaches);
      |   ^~~~~~~
      |   qsort
src/solver.c:347:12: warning: unused variable 'traversed' [-Wunused-variable]
  347 |     size_t traversed = traverse(g, u, new_subgraph.vertices);
      |            ^~~~~~~~~
gcc: warning: graph.o: linker input file unused because linking not done
/usr/local/pace-apps/spack/packages/linux-rhel9-x86_64_v3/gcc-11.3.1/gcc-12.3.0-ukkkutsxfl5kpnnaxflpkq2jtliwthfz/bin/gcc -c src/util.c -g -ggdb -Wall -Wextra -Wpedantic -std=gnu11 -fopenmp
mpicc -o test_solver_distributed src/test_solver_distributed.c graph.o solver.o util.o -g -ggdb -Wall -Wextra -Wpedantic -std=gnu11 -fopenmp
src/test_solver_distributed.c: In function 'main':
src/test_solver_distributed.c:210:26: warning: comparison of integer expressions of different signedness: 'size_t' {aka 'long unsigned int'} and 'int' [-Wsign-compare]
  210 |     for (size_t i = 0; i < size-1; i++) {
      |                          ^
+ run 1 1 100 100
+ n_threads=1
+ n_tasks=1
+ n=100
+ nnz=100
+ echo n_threads=1
n_threads=1
+ echo n_tasks=1
n_tasks=1
+ echo n=100
n=100
+ echo nnz=100
nnz=100
+ export OMP_NUM_THREADS=1
+ OMP_NUM_THREADS=1
+ export OMP_PROC_BIND=true
+ OMP_PROC_BIND=true
+ export OMP_PLACES=cores
+ OMP_PLACES=cores
+ export OMP_THREAD_LIMIT=1
+ OMP_THREAD_LIMIT=1
+ export OMP_DYNAMIC=false
+ OMP_DYNAMIC=false
+ srun -n 1 ./test_solver_distributed -n 100 -nnz 100 -f slurm-graph-2549916-omp-1-1.dot
[rank 00] initialized; size: 1
matrix_create_random(100, 100)
allocate matrix - 13880 bytes
broadcasting matrix
done broadcasting matrix
allocate coloring - 10 bytes
allocate coloring.colors - 320 bytes
allocate degree - 320 bytes
max degree: 8
k: 9
there are 4 subgraphs
[rank 00] subgraph 0 has 6 vertices
  coloring vertex from vertex 5 with color 1
  coloring vertex from vertex 25 with color 2
  coloring vertex from vertex 36 with color 3
  coloring vertex from vertex 59 with color 4
  coloring vertex from vertex 72 with color 5
  coloring vertex from vertex 90 with color 6
[rank 00] subgraph 1 has 79 vertices
  coloring vertex from vertex 0 with color 1
  coloring vertex from vertex 93 with color 2
  coloring vertex from vertex 35 with color 3
  coloring vertex from vertex 56 with color 4
  coloring vertex from vertex 67 with color 5
  coloring vertex from vertex 69 with color 6
  coloring vertex from vertex 73 with color 7
  coloring vertex from vertex 87 with color 8
[rank 00] subgraph 2 has 3 vertices
  coloring vertex from vertex 12 with color 1
  coloring vertex from vertex 39 with color 2
  coloring vertex from vertex 94 with color 3
[rank 00] subgraph 3 has 2 vertices
  coloring vertex from vertex 54 with color 1
  coloring vertex from vertex 99 with color 2
coloring done
  coloring vertex from vertex 0 with color 1
  coloring vertex from vertex 93 with color 2
  coloring vertex from vertex 35 with color 3
  coloring vertex from vertex 56 with color 4
  coloring vertex from vertex 67 with color 5
  coloring vertex from vertex 69 with color 6
  coloring vertex from vertex 73 with color 7
  coloring vertex from vertex 87 with color 8
opening file slurm-graph-2549916-omp-1-1.dot
=== timing report ===
matrix_create_random:   0.000040 s
matrix_degree:          0.000054 s
detect_subgraph:        0.000294 s
color_cliquelike:       0.000611 s
matrix_as_dot_color:    0.006601 s
matrix_verify_coloring: 0.000002 s
=== end timing report ===
number of OMP threads:  1
[rank 00] done, waiting for all ranks
[rank 00] exiting
+ run 1 2 201 199
+ n_threads=1
+ n_tasks=2
+ n=201
+ nnz=199
+ echo n_threads=1
n_threads=1
+ echo n_tasks=2
n_tasks=2
+ echo n=201
n=201
+ echo nnz=199
nnz=199
+ export OMP_NUM_THREADS=1
+ OMP_NUM_THREADS=1
+ export OMP_PROC_BIND=true
+ OMP_PROC_BIND=true
+ export OMP_PLACES=cores
+ OMP_PLACES=cores
+ export OMP_THREAD_LIMIT=1
+ OMP_THREAD_LIMIT=1
+ export OMP_DYNAMIC=false
+ OMP_DYNAMIC=false
+ srun -n 2 ./test_solver_distributed -n 201 -nnz 199 -f slurm-graph-2549916-omp-1-2.dot
[atl1-1-01-005-3-1.pace.gatech.edu:mpi_rank_1][error_sighandler] Caught error: Segmentation fault (signal 11)
srun: error: atl1-1-01-005-3-1: task 1: Segmentation fault
slurmstepd: error:  mpi/pmix_v4: _errhandler: atl1-1-01-005-3-1 [0]: pmixp_client_v2.c:211: Error handler invoked: status = -61, source = [slurm.pmix.2549916.1:1]
slurmstepd: error: *** STEP 2549916.1 ON atl1-1-01-005-3-1 CANCELLED AT 2025-04-30T22:45:12 ***
srun: Job step aborted: Waiting up to 32 seconds for job step to finish.
srun: error: atl1-1-01-005-3-1: task 0: Killed
+ echo

+ run 1 4 410 410
+ n_threads=1
+ n_tasks=4
+ n=410
+ nnz=410
+ echo n_threads=1
n_threads=1
+ echo n_tasks=4
n_tasks=4
+ echo n=410
n=410
+ echo nnz=410
nnz=410
+ export OMP_NUM_THREADS=1
+ OMP_NUM_THREADS=1
+ export OMP_PROC_BIND=true
+ OMP_PROC_BIND=true
+ export OMP_PLACES=cores
+ OMP_PLACES=cores
+ export OMP_THREAD_LIMIT=1
+ OMP_THREAD_LIMIT=1
+ export OMP_DYNAMIC=false
+ OMP_DYNAMIC=false
+ srun -n 4 ./test_solver_distributed -n 410 -nnz 410 -f slurm-graph-2549916-omp-1-4.dot
[atl1-1-01-005-3-1.pace.gatech.edu:mpi_rank_1][error_sighandler] Caught error: Segmentation fault (signal 11)
[atl1-1-01-005-3-1.pace.gatech.edu:mpi_rank_2][error_sighandler] Caught error: Segmentation fault (signal 11)
[atl1-1-01-005-3-1.pace.gatech.edu:mpi_rank_3][error_sighandler] Caught error: Segmentation fault (signal 11)
srun: error: atl1-1-01-005-3-1: tasks 1-3: Segmentation fault
slurmstepd: error:  mpi/pmix_v4: _errhandler: atl1-1-01-005-3-1 [0]: pmixp_client_v2.c:211: Error handler invoked: status = -61, source = [slurm.pmix.2549916.2:1]
slurmstepd: error: *** STEP 2549916.2 ON atl1-1-01-005-3-1 CANCELLED AT 2025-04-30T22:45:14 ***
srun: Job step aborted: Waiting up to 32 seconds for job step to finish.
srun: error: atl1-1-01-005-3-1: task 0: Killed
+ echo

+ run 1 8 800 800
+ n_threads=1
+ n_tasks=8
+ n=800
+ nnz=800
+ echo n_threads=1
n_threads=1
+ echo n_tasks=8
n_tasks=8
+ echo n=800
n=800
+ echo nnz=800
nnz=800
+ export OMP_NUM_THREADS=1
+ OMP_NUM_THREADS=1
+ export OMP_PROC_BIND=true
+ OMP_PROC_BIND=true
+ export OMP_PLACES=cores
+ OMP_PLACES=cores
+ export OMP_THREAD_LIMIT=1
+ OMP_THREAD_LIMIT=1
+ export OMP_DYNAMIC=false
+ OMP_DYNAMIC=false
+ srun -n 8 ./test_solver_distributed -n 800 -nnz 800 -f slurm-graph-2549916-omp-1-8.dot
srun: warning: can't honor --ntasks-per-node set to 4 which doesn't match the requested tasks 8 with the maximum number of requested nodes 1. Ignoring --ntasks-per-node.
srun: error: Unable to create step for job 2549916: More processors requested than permitted
+ echo

+ run 2 1 201 199
+ n_threads=2
+ n_tasks=1
+ n=201
+ nnz=199
+ echo n_threads=2
n_threads=2
+ echo n_tasks=1
n_tasks=1
+ echo n=201
n=201
+ echo nnz=199
nnz=199
+ export OMP_NUM_THREADS=2
+ OMP_NUM_THREADS=2
+ export OMP_PROC_BIND=true
+ OMP_PROC_BIND=true
+ export OMP_PLACES=cores
+ OMP_PLACES=cores
+ export OMP_THREAD_LIMIT=2
+ OMP_THREAD_LIMIT=2
+ export OMP_DYNAMIC=false
+ OMP_DYNAMIC=false
+ srun -n 1 ./test_solver_distributed -n 201 -nnz 199 -f slurm-graph-2549916-omp-2-1.dot
[rank 00] initialized; size: 1
matrix_create_random(201, 199)
allocate matrix - 4ee88 bytes
broadcasting matrix
done broadcasting matrix
allocate coloring - 10 bytes
allocate coloring.colors - 648 bytes
allocate degree - 648 bytes
max degree: 6
k: 7
there are 7 subgraphs
[rank 00] subgraph 0 has 2 vertices
  coloring vertex from vertex 15 with color 1
  coloring vertex from vertex 87 with color 2
[rank 00] subgraph 1 has 152 vertices
  coloring vertex from vertex 0 with color 1
  coloring vertex from vertex 56 with color 2
  coloring vertex from vertex 195 with color 3
  coloring vertex from vertex 44 with color 4
  coloring vertex from vertex 64 with color 5
  coloring vertex from vertex 65 with color 6
  coloring vertex from vertex 114 with color 7
[rank 00] subgraph 2 has 5 vertices
  coloring vertex from vertex 33 with color 1
  coloring vertex from vertex 124 with color 2
  coloring vertex from vertex 136 with color 3
  coloring vertex from vertex 131 with color 4
  coloring vertex from vertex 148 with color 5
[rank 00] subgraph 3 has 7 vertices
  coloring vertex from vertex 2 with color 1
  coloring vertex from vertex 58 with color 2
  coloring vertex from vertex 163 with color 3
  coloring vertex from vertex 183 with color 4
  coloring vertex from vertex 128 with color 5
[rank 00] subgraph 4 has 3 vertices
  coloring vertex from vertex 85 with color 1
  coloring vertex from vertex 134 with color 2
  coloring vertex from vertex 149 with color 3
[rank 00] subgraph 5 has 3 vertices
  coloring vertex from vertex 99 with color 1
  coloring vertex from vertex 126 with color 2
  coloring vertex from vertex 156 with color 3
[rank 00] subgraph 6 has 2 vertices
  coloring vertex from vertex 138 with color 1
  coloring vertex from vertex 157 with color 2
coloring done
  coloring vertex from vertex 0 with color 1
  coloring vertex from vertex 56 with color 2
  coloring vertex from vertex 195 with color 3
  coloring vertex from vertex 44 with color 4
  coloring vertex from vertex 64 with color 5
  coloring vertex from vertex 65 with color 6
  coloring vertex from vertex 114 with color 7
opening file slurm-graph-2549916-omp-2-1.dot
=== timing report ===
matrix_create_random:   0.000137 s
matrix_degree:          0.000052 s
detect_subgraph:        0.001093 s
color_cliquelike:       0.002416 s
matrix_as_dot_color:    0.034734 s
matrix_verify_coloring: 0.000004 s
=== end timing report ===
number of OMP threads:  2
[rank 00] done, waiting for all ranks
[rank 00] exiting
+ run 4 1 400 400
+ n_threads=4
+ n_tasks=1
+ n=400
+ nnz=400
+ echo n_threads=4
n_threads=4
+ echo n_tasks=1
n_tasks=1
+ echo n=400
n=400
+ echo nnz=400
nnz=400
+ export OMP_NUM_THREADS=4
+ OMP_NUM_THREADS=4
+ export OMP_PROC_BIND=true
+ OMP_PROC_BIND=true
+ export OMP_PLACES=cores
+ OMP_PLACES=cores
+ export OMP_THREAD_LIMIT=4
+ OMP_THREAD_LIMIT=4
+ export OMP_DYNAMIC=false
+ OMP_DYNAMIC=false
+ srun -n 1 ./test_solver_distributed -n 400 -nnz 400 -f slurm-graph-2549916-omp-4-1.dot
[rank 00] initialized; size: 1
matrix_create_random(400, 400)
allocate matrix - 138800 bytes
broadcasting matrix
done broadcasting matrix
allocate coloring - 10 bytes
allocate coloring.colors - c80 bytes
allocate degree - c80 bytes
max degree: 7
k: 8
there are 13 subgraphs
[rank 00] subgraph 0 has 314 vertices
  coloring vertex from vertex 2 with color 1
  coloring vertex from vertex 239 with color 2
  coloring vertex from vertex 306 with color 3
  coloring vertex from vertex 195 with color 4
  coloring vertex from vertex 292 with color 5
  coloring vertex from vertex 217 with color 6
  coloring vertex from vertex 294 with color 7
  coloring vertex from vertex 191 with color 8
[rank 00] subgraph 1 has 2 vertices
  coloring vertex from vertex 38 with color 1
  coloring vertex from vertex 371 with color 2
[rank 00] subgraph 2 has 2 vertices
  coloring vertex from vertex 87 with color 1
  coloring vertex from vertex 212 with color 2
[rank 00] subgraph 3 has 2 vertices
  coloring vertex from vertex 111 with color 1
  coloring vertex from vertex 210 with color 2
[rank 00] subgraph 4 has 2 vertices
  coloring vertex from vertex 116 with color 1
  coloring vertex from vertex 152 with color 2
[rank 00] subgraph 5 has 2 vertices
  coloring vertex from vertex 134 with color 1
  coloring vertex from vertex 135 with color 2
[rank 00] subgraph 6 has 3 vertices
  coloring vertex from vertex 145 with color 1
  coloring vertex from vertex 382 with color 2
  coloring vertex from vertex 383 with color 3
[rank 00] subgraph 7 has 2 vertices
  coloring vertex from vertex 174 with color 1
  coloring vertex from vertex 291 with color 2
[rank 00] subgraph 8 has 2 vertices
  coloring vertex from vertex 181 with color 1
  coloring vertex from vertex 209 with color 2
[rank 00] subgraph 9 has 2 vertices
  coloring vertex from vertex 198 with color 1
  coloring vertex from vertex 230 with color 2
[rank 00] subgraph 10 has 3 vertices
  coloring vertex from vertex 89 with color 1
  coloring vertex from vertex 265 with color 2
  coloring vertex from vertex 122 with color 3
[rank 00] subgraph 11 has 3 vertices
  coloring vertex from vertex 123 with color 1
  coloring vertex from vertex 324 with color 2
  coloring vertex from vertex 398 with color 3
[rank 00] subgraph 12 has 4 vertices
  coloring vertex from vertex 297 with color 1
  coloring vertex from vertex 353 with color 2
  coloring vertex from vertex 343 with color 3
  coloring vertex from vertex 344 with color 4
coloring done
  coloring vertex from vertex 2 with color 1
  coloring vertex from vertex 239 with color 2
  coloring vertex from vertex 306 with color 3
  coloring vertex from vertex 195 with color 4
  coloring vertex from vertex 292 with color 5
  coloring vertex from vertex 217 with color 6
  coloring vertex from vertex 294 with color 7
  coloring vertex from vertex 191 with color 8
opening file slurm-graph-2549916-omp-4-1.dot
=== timing report ===
matrix_create_random:   0.000482 s
matrix_degree:          0.000053 s
detect_subgraph:        0.004367 s
color_cliquelike:       0.012075 s
matrix_as_dot_color:    0.003191 s
matrix_verify_coloring: 0.000008 s
=== end timing report ===
number of OMP threads:  4
[rank 00] done, waiting for all ranks
[rank 00] exiting
---------------------------------------
Begin Slurm Epilog: Apr-30-2025 22:45:15
Job ID:        2549916
User ID:       kshibata6
Account:       coc
Job name:      cx4803-final-project-study_weak
Resources:     cpu=32,mem=100G,node=1
Rsrc Used:     cput=00:03:44,vmem=0,walltime=00:00:07,mem=17376K,energy_used=0
Partition:     coc-cpu
QOS:           coc-ice
Nodes:         atl1-1-01-005-3-1
---------------------------------------
